<?xml version="1.0" encoding="UTF-8"?>
<!-- Generated by org.testng.reporters.JUnitReportReporter -->
<testsuite hostname="LAPTOP-P3PTTN41" failures="0" tests="1" name="com.qa.LoginPageTest.WishupLoginTest_PropFile" time="112.720" errors="0" timestamp="2022-06-03T21:44:05 IST" skipped="0">
  <testcase classname="com.qa.LoginPageTest.WishupLoginTest_PropFile" name="validLoginPageTest" time="112.720"/>
  <system-out/>
</testsuite> <!-- com.qa.LoginPageTest.WishupLoginTest_PropFile -->
