<?xml version="1.0" encoding="UTF-8"?>
<!-- Generated by org.testng.reporters.JUnitReportReporter -->
<testsuite hostname="LAPTOP-P3PTTN41" failures="0" tests="6" name="com.qa.LoginPageTest.WishupLoginTest_UsingExcelFile" time="50.052" errors="0" timestamp="2022-06-02T16:11:10 IST" skipped="0">
  <testcase classname="com.qa.LoginPageTest.WishupLoginTest_UsingExcelFile" name="WishupLoginPageTest" time="4.091"/>
  <system-out/>
  <testcase classname="com.qa.LoginPageTest.WishupLoginTest_UsingExcelFile" name="WishupLoginPageTest" time="12.211"/>
  <system-out/>
  <testcase classname="com.qa.LoginPageTest.WishupLoginTest_UsingExcelFile" name="WishupLoginPageTest" time="3.496"/>
  <system-out/>
  <testcase classname="com.qa.LoginPageTest.WishupLoginTest_UsingExcelFile" name="WishupLoginPageTest" time="14.145"/>
  <system-out/>
  <testcase classname="com.qa.LoginPageTest.WishupLoginTest_UsingExcelFile" name="WishupLoginPageTest" time="11.923"/>
  <system-out/>
  <testcase classname="com.qa.LoginPageTest.WishupLoginTest_UsingExcelFile" name="WishupLoginPageTest" time="4.186"/>
  <system-out/>
</testsuite> <!-- com.qa.LoginPageTest.WishupLoginTest_UsingExcelFile -->
