<?xml version="1.0" encoding="UTF-8"?>
<!-- Generated by org.testng.reporters.JUnitReportReporter -->
<testsuite hostname="LAPTOP-P3PTTN41" failures="0" tests="1" name="com.qa.testLayer.Test1" time="15.269" errors="0" timestamp="2022-05-20T02:42:22 IST" skipped="0">
  <testcase classname="com.qa.testLayer.Test1" name="TaskNameTextBoxTest" time="15.269"/>
  <system-out/>
</testsuite> <!-- com.qa.testLayer.Test1 -->
