<?xml version="1.0" encoding="UTF-8"?>
<!-- Generated by org.testng.reporters.JUnitReportReporter -->
<testsuite hostname="LAPTOP-P3PTTN41" failures="0" tests="2" name="com.qa.LoginPageTest.WishupLoginTest_PropFile" time="71.715" errors="0" timestamp="2022-06-02T16:13:27 IST" skipped="0">
  <testcase classname="com.qa.LoginPageTest.WishupLoginTest_PropFile" name="invalidLoginPageTest" time="22.511"/>
  <system-out/>
  <testcase classname="com.qa.LoginPageTest.WishupLoginTest_PropFile" name="validLoginPageTest" time="49.204"/>
  <system-out/>
</testsuite> <!-- com.qa.LoginPageTest.WishupLoginTest_PropFile -->
