<?xml version="1.0" encoding="UTF-8"?>
<!-- Generated by org.testng.reporters.JUnitReportReporter -->
<testsuite hostname="LAPTOP-P3PTTN41" failures="0" tests="3" name="com.qa.testLayer.WishupLoginTest" time="38.793" errors="0" timestamp="2022-05-30T23:48:43 IST" skipped="0">
  <testcase classname="com.qa.testLayer.WishupLoginTest" name="validDataLoginTest" time="13.408"/>
  <system-out/>
  <testcase classname="com.qa.testLayer.WishupLoginTest" name="validDataLoginTest" time="11.224"/>
  <system-out/>
  <testcase classname="com.qa.testLayer.WishupLoginTest" name="validDataLoginTest" time="14.161"/>
  <system-out/>
</testsuite> <!-- com.qa.testLayer.WishupLoginTest -->
