<?xml version="1.0" encoding="UTF-8"?>
<!-- Generated by org.testng.reporters.JUnitReportReporter -->
<testsuite hostname="LAPTOP-P3PTTN41" failures="0" tests="2" name="com.qa.testLayer.NewTest2" time="0.003" errors="0" timestamp="2022-05-28T03:05:16 IST" skipped="0">
  <testcase classname="com.qa.testLayer.NewTest2" name="mjj" time="0.002"/>
  <system-out/>
  <testcase classname="com.qa.testLayer.NewTest2" name="mj" time="0.001"/>
  <system-out/>
</testsuite> <!-- com.qa.testLayer.NewTest2 -->
