<?xml version="1.0" encoding="UTF-8"?>
<!-- Generated by org.testng.reporters.JUnitReportReporter -->
<testsuite hostname="LAPTOP-P3PTTN41" failures="0" tests="1" name="com.qa.testLayer.DB_Testing" time="0.012" errors="0" timestamp="2022-05-28T01:25:49 IST" skipped="0">
  <testcase classname="com.qa.testLayer.DB_Testing" name="test" time="0.012"/>
  <system-out/>
</testsuite> <!-- com.qa.testLayer.DB_Testing -->
