<?xml version="1.0" encoding="UTF-8"?>
<!-- Generated by org.testng.reporters.JUnitReportReporter -->
<testsuite hostname="LAPTOP-P3PTTN41" failures="0" tests="2" name="com.qa.testLayer.NewTest" time="0.011" errors="0" timestamp="2022-05-28T03:05:16 IST" skipped="0">
  <testcase classname="com.qa.testLayer.NewTest" name="mjj" time="0.004"/>
  <system-out/>
  <testcase classname="com.qa.testLayer.NewTest" name="mj" time="0.007"/>
  <system-out/>
</testsuite> <!-- com.qa.testLayer.NewTest -->
